# JRE version: Java(TM) SE Runtime Environment (8.0_111-b14) (build 1.8.0_111-b14)
# Java VM: Java HotSpot(TM) 64-Bit Server VM (25.111-b14 mixed mode windows-amd64 compressed oops)
Heap:
 PSYoungGen      total 345600K, used 291283K [0x00000000e0000000, 0x00000000f7780000, 0x0000000100000000)
  eden space 315904K, 90% used [0x00000000e0000000,0x00000000f1778630,0x00000000f3480000)
  from space 29696K, 17% used [0x00000000f5a80000,0x00000000f5f7c878,0x00000000f7780000)
  to   space 34304K, 0% used [0x00000000f3480000,0x00000000f3480000,0x00000000f5600000)
 ParOldGen       total 137728K, used 108213K [0x00000000a0000000, 0x00000000a8680000, 0x00000000e0000000)
  object space 137728K, 78% used [0x00000000a0000000,0x00000000a69ad588,0x00000000a8680000)
 Metaspace       used 111588K, capacity 117410K, committed 117632K, reserved 1150976K
  class space    used 14685K, capacity 15932K, committed 16000K, reserved 1048576K
GC Heap History (10 events):
Event: 4482.093 GC heap before
{Heap before GC invocations=38 (full 4):
 PSYoungGen      total 227840K, used 197307K [0x00000000e0000000, 0x00000000f2b80000, 0x0000000100000000)
  eden space 188928K, 99% used [0x00000000e0000000,0x00000000eb8498b0,0x00000000eb880000)
  from space 38912K, 22% used [0x00000000eb880000,0x00000000ec0e5648,0x00000000ede80000)
  to   space 37888K, 0% used [0x00000000f0680000,0x00000000f0680000,0x00000000f2b80000)
 ParOldGen       total 137728K, used 94031K [0x00000000a0000000, 0x00000000a8680000, 0x00000000e0000000)
  object space 137728K, 68% used [0x00000000a0000000,0x00000000a5bd3d28,0x00000000a8680000)
 Metaspace       used 98358K, capacity 102770K, committed 103040K, reserved 1138688K
  class space    used 12818K, capacity 13794K, committed 13952K, reserved 1048576K
Event: 4482.134 GC heap after
Heap after GC invocations=38 (full 4):
 PSYoungGen      total 263680K, used 3962K [0x00000000e0000000, 0x00000000f2880000, 0x0000000100000000)
  eden space 228864K, 0% used [0x00000000e0000000,0x00000000e0000000,0x00000000edf80000)
  from space 34816K, 11% used [0x00000000f0680000,0x00000000f0a5eb70,0x00000000f2880000)
  to   space 37376K, 0% used [0x00000000edf80000,0x00000000edf80000,0x00000000f0400000)
 ParOldGen       total 137728K, used 100186K [0x00000000a0000000, 0x00000000a8680000, 0x00000000e0000000)
  object space 137728K, 72% used [0x00000000a0000000,0x00000000a61d6ad0,0x00000000a8680000)
 Metaspace       used 98358K, capacity 102770K, committed 103040K, reserved 1138688K
  class space    used 12818K, capacity 13794K, committed 13952K, reserved 1048576K
}
Event: 4493.945 GC heap before
{Heap before GC invocations=39 (full 4):
 PSYoungGen      total 263680K, used 232146K [0x00000000e0000000, 0x00000000f2880000, 0x0000000100000000)
  eden space 228864K, 99% used [0x00000000e0000000,0x00000000eded6050,0x00000000edf80000)
  from space 34816K, 11% used [0x00000000f0680000,0x00000000f0a5eb70,0x00000000f2880000)
  to   space 37376K, 0% used [0x00000000edf80000,0x00000000edf80000,0x00000000f0400000)
 ParOldGen       total 137728K, used 100186K [0x00000000a0000000, 0x00000000a8680000, 0x00000000e0000000)
  object space 137728K, 72% used [0x00000000a0000000,0x00000000a61d6ad0,0x00000000a8680000)
 Metaspace       used 98466K, capacity 102940K, committed 103296K, reserved 1138688K
  class space    used 12823K, capacity 13801K, committed 13952K, reserved 1048576K
Event: 4493.975 GC heap after
Heap after GC invocations=39 (full 4):
 PSYoungGen      total 266240K, used 5545K [0x00000000e0000000, 0x00000000f5300000, 0x0000000100000000)
  eden space 228864K, 0% used [0x00000000e0000000,0x00000000e0000000,0x00000000edf80000)
  from space 37376K, 14% used [0x00000000edf80000,0x00000000ee4ea638,0x00000000f0400000)
  to   space 36352K, 0% used [0x00000000f2f80000,0x00000000f2f80000,0x00000000f5300000)
 ParOldGen       total 137728K, used 102224K [0x00000000a0000000, 0x00000000a8680000, 0x00000000e0000000)
  object space 137728K, 74% used [0x00000000a0000000,0x00000000a63d4080,0x00000000a8680000)
 Metaspace       used 98466K, capacity 102940K, committed 103296K, reserved 1138688K
  class space    used 12823K, capacity 13801K, committed 13952K, reserved 1048576K
}
Event: 9084.848 GC heap before
{Heap before GC invocations=40 (full 4):
 PSYoungGen      total 266240K, used 234409K [0x00000000e0000000, 0x00000000f5300000, 0x0000000100000000)
  eden space 228864K, 100% used [0x00000000e0000000,0x00000000edf80000,0x00000000edf80000)
  from space 37376K, 14% used [0x00000000edf80000,0x00000000ee4ea638,0x00000000f0400000)
  to   space 36352K, 0% used [0x00000000f2f80000,0x00000000f2f80000,0x00000000f5300000)
 ParOldGen       total 137728K, used 102224K [0x00000000a0000000, 0x00000000a8680000, 0x00000000e0000000)
  object space 137728K, 74% used [0x00000000a0000000,0x00000000a63d4080,0x00000000a8680000)
 Metaspace       used 98593K, capacity 103248K, committed 103552K, reserved 1138688K
  class space    used 12840K, capacity 13851K, committed 13952K, reserved 1048576K
Event: 9093.414 GC heap after
Heap after GC invocations=40 (full 4):
 PSYoungGen      total 303616K, used 7009K [0x00000000e0000000, 0x00000000f4e80000, 0x0000000100000000)
  eden space 271872K, 0% used [0x00000000e0000000,0x00000000e0000000,0x00000000f0980000)
  from space 31744K, 22% used [0x00000000f2f80000,0x00000000f3658588,0x00000000f4e80000)
  to   space 35328K, 0% used [0x00000000f0980000,0x00000000f0980000,0x00000000f2c00000)
 ParOldGen       total 137728K, used 102604K [0x00000000a0000000, 0x00000000a8680000, 0x00000000e0000000)
  object space 137728K, 74% used [0x00000000a0000000,0x00000000a6433100,0x00000000a8680000)
 Metaspace       used 98593K, capacity 103248K, committed 103552K, reserved 1138688K
  class space    used 12840K, capacity 13851K, committed 13952K, reserved 1048576K
}
Event: 9218.338 GC heap before
{Heap before GC invocations=41 (full 4):
 PSYoungGen      total 303616K, used 278881K [0x00000000e0000000, 0x00000000f4e80000, 0x0000000100000000)
  eden space 271872K, 100% used [0x00000000e0000000,0x00000000f0980000,0x00000000f0980000)
  from space 31744K, 22% used [0x00000000f2f80000,0x00000000f3658588,0x00000000f4e80000)
  to   space 35328K, 0% used [0x00000000f0980000,0x00000000f0980000,0x00000000f2c00000)
 ParOldGen       total 137728K, used 102604K [0x00000000a0000000, 0x00000000a8680000, 0x00000000e0000000)
  object space 137728K, 74% used [0x00000000a0000000,0x00000000a6433100,0x00000000a8680000)
 Metaspace       used 98860K, capacity 103404K, committed 103552K, reserved 1138688K
  class space    used 12848K, capacity 13863K, committed 13952K, reserved 1048576K
Event: 9218.807 GC heap after
Heap after GC invocations=41 (full 4):
 PSYoungGen      total 307200K, used 18405K [0x00000000e0000000, 0x00000000f7d00000, 0x0000000100000000)
  eden space 271872K, 0% used [0x00000000e0000000,0x00000000e0000000,0x00000000f0980000)
  from space 35328K, 52% used [0x00000000f0980000,0x00000000f1b79790,0x00000000f2c00000)
  to   space 35328K, 0% used [0x00000000f5a80000,0x00000000f5a80000,0x00000000f7d00000)
 ParOldGen       total 137728K, used 104052K [0x00000000a0000000, 0x00000000a8680000, 0x00000000e0000000)
  object space 137728K, 75% used [0x00000000a0000000,0x00000000a659d228,0x00000000a8680000)
 Metaspace       used 98860K, capacity 103404K, committed 103552K, reserved 1138688K
  class space    used 12848K, capacity 13863K, committed 13952K, reserved 1048576K
}
Event: 9231.186 GC heap before
{Heap before GC invocations=42 (full 4):
 PSYoungGen      total 307200K, used 290277K [0x00000000e0000000, 0x00000000f7d00000, 0x0000000100000000)
  eden space 271872K, 100% used [0x00000000e0000000,0x00000000f0980000,0x00000000f0980000)
  from space 35328K, 52% used [0x00000000f0980000,0x00000000f1b79790,0x00000000f2c00000)
  to   space 35328K, 0% used [0x00000000f5a80000,0x00000000f5a80000,0x00000000f7d00000)
 ParOldGen       total 137728K, used 104052K [0x00000000a0000000, 0x00000000a8680000, 0x00000000e0000000)
  object space 137728K, 75% used [0x00000000a0000000,0x00000000a659d228,0x00000000a8680000)
 Metaspace       used 98935K, capacity 103480K, committed 103808K, reserved 1138688K
  class space    used 12850K, capacity 13865K, committed 13952K, reserved 1048576K
Event: 9231.259 GC heap after
Heap after GC invocations=42 (full 4):
 PSYoungGen      total 345600K, used 5106K [0x00000000e0000000, 0x00000000f7780000, 0x0000000100000000)
  eden space 315904K, 0% used [0x00000000e0000000,0x00000000e0000000,0x00000000f3480000)
  from space 29696K, 17% used [0x00000000f5a80000,0x00000000f5f7c878,0x00000000f7780000)
  to   space 34304K, 0% used [0x00000000f3480000,0x00000000f3480000,0x00000000f5600000)
 ParOldGen       total 137728K, used 108213K [0x00000000a0000000, 0x00000000a8680000, 0x00000000e0000000)
  object space 137728K, 78% used [0x00000000a0000000,0x00000000a69ad588,0x00000000a8680000)
 Metaspace       used 98935K, capacity 103480K, committed 103808K, reserved 1138688K
  class space    used 12850K, capacity 13865K, committed 13952K, reserved 1048576K
}

